-------------------------------------------------------------------------------
Test set: TestSuite
-------------------------------------------------------------------------------
Tests run: 1, Failures: 1, Errors: 0, Skipped: 0, Time elapsed: 0.49 s <<< FAILURE! - in TestSuite
initTestSuite(com.sz.SampleTestNgTest)  Time elapsed: 0.31 s  <<< FAILURE!
java.lang.NullPointerException

